      7 /
      2 /.well-known/acme-challenge/4xM-Y1899BrBIJ76P5Er2sj2VhEtyi_DFvfo6xiMXXw
      1 /a
      2 /add-post
      7 /ads.txt
     43 /assets/Group%20257.svg
     41 /assets/Group%20441.svg
     41 /assets/Rectangle%2010.svg
     42 /assets/XMLID_1201_.svg
     26 /assets/add-image.svg
     27 /assets/anynox.png
     43 /assets/arrow-point-to-right.png
     26 /assets/baseline-clear-24px.svg
     15 /assets/camera.svg
     42 /assets/copy.svg
      6 /assets/dustbin.png
     42 /assets/ic_more_vert_24px.svg
     11 /assets/icons8-delete%20(1).svg
     40 /assets/launch.svg
     41 /assets/loading.gif
      8 /assets/outline-crop_16_9-24px.svg
      7 /assets/outline-crop_square-24px.svg
     42 /assets/play-button-02.png
     27 /assets/redirect.svg
     39 /assets/videocam.svg
     51 /favicon.ico
     44 /login
     44 /main.js
      4 /main.js.map
     44 /polyfills.js
      2 /polyfills.js.map
      8 /robots.txt
     46 /runtime.js
      2 /runtime.js.map
     46 /scripts.js
      2 /scripts.js.map
     44 /styles.js
      2 /styles.js.map
     46 /vendor.js
      8 /vendor.js.map
      1 /wp-login.php
